{
 "ps.name": "intro",
"ex.name": "b)",
"date": "2013-10-22 10:27:23",
"stud.seed": 1382430443,
"code.changed": true,
"failure.short": "evaluation error in \n  z\n  object 'z' not found",
"checks":      1,
"attempts":      1,
"solved": false,
"was.solved": false,
"stud.code": "###########################################\n\n# i) Erstelle einen Vektor z mit den f?nf beliebigen Werten\n# ii) Multiplizere den Vektor mit x und speichere das Ergebnis \n#     in a\n# iii) Erstelle eine Matrix 2x5 m aus den Vektoren z und a\n# iv) F?hre die Matrixmultiplikation m.squ = m*m' durch\nz\n",
"warnings": [] 
}
{
 "ps.name": "intro",
"ex.name": "b)",
"date": "2013-10-22 10:27:38",
"stud.seed": 1382430458,
"code.changed": false,
"failure.short": "evaluation error in \n  z\n  object 'z' not found",
"checks":      1,
"attempts":      1,
"solved": false,
"was.solved": false,
"stud.code": "###########################################\n\n# i) Erstelle einen Vektor z mit den f?nf beliebigen Werten\n# ii) Multiplizere den Vektor mit x und speichere das Ergebnis \n#     in a\n# iii) Erstelle eine Matrix 2x5 m aus den Vektoren z und a\n# iv) F?hre die Matrixmultiplikation m.squ = m*m' durch\nz\n",
"warnings": [] 
}
{
 "ps.name": "intro",
"ex.name": "a)",
"date": "2013-10-22 10:27:49",
"stud.seed": 1382430469,
"code.changed": true,
"failure.short": "wrong values of x",
"checks":      2,
"attempts":      2,
"solved": false,
"was.solved": false,
"stud.code": "###########################################\n\n# Grundlagen\n# i) Erstelle zwei Variablen x und y und belege x mit dem Wert 5\n# und y mit dem Wert aus (1+2)*x\n# ii) Erstelle einen Vektor q mit den Zahlen von 1 - 10 mit Schrittweite 0.1\n# iii) Erstelle einen Vektor w der aus 91 F?nfen besteht\n# iv) Erstelle den Vektor e als Quotient von q und w\n#hint.for(\"a)\")\n\nx = 2\ny  = 3*x\n\nq = seq(1,10,by = 0.1)",
"warnings": [] 
}
{
 "ps.name": "intro",
"ex.name": "b)",
"date": "2013-10-22 10:29:20",
"stud.seed": 1382430560,
"code.changed": true,
"failure.short": "evaluation error in \n  z\n  object 'z' not found",
"checks":      1,
"attempts":      1,
"solved": false,
"was.solved": false,
"stud.code": "###########################################\n\n# i) Erstelle einen Vektor z mit den f?nf beliebigen Werten\n# ii) Multiplizere den Vektor mit x und speichere das Ergebnis \n#     in a\n# iii) Erstelle eine Matrix 2x5 m aus den Vektoren z und a\n# iv) F?hre die Matrixmultiplikation m.squ = m*m' durch\nz\n",
"warnings": [] 
}
{
 "ps.name": "intro",
"ex.name": "a)",
"date": "2013-10-22 10:29:23",
"stud.seed": 1382430563,
"code.changed": true,
"failure.short": "wrong values of x",
"checks":      2,
"attempts":      2,
"solved": false,
"was.solved": false,
"stud.code": "###########################################\n\n# Grundlagen\n# i) Erstelle zwei Variablen x und y und belege x mit dem Wert 5\n# und y mit dem Wert aus (1+2)*x\n# ii) Erstelle einen Vektor q mit den Zahlen von 1 - 10 mit Schrittweite 0.1\n# iii) Erstelle einen Vektor w der aus 91 F?nfen besteht\n# iv) Erstelle den Vektor e als Quotient von q und w\n#hint.for(\"a)\")\n\nx = 2\ny  = 3*x\n\nq = seq(1,10,by = 0.1)",
"warnings": [] 
}
{
 "ps.name": "intro",
"ex.name": "a)",
"date": "2013-10-22 10:29:26",
"stud.seed": 1382430566,
"code.changed": true,
"failure.short": "No failure message recorded",
"checks":      3,
"attempts":      3,
"solved": false,
"was.solved": false,
"stud.code": "###########################################\n\n# Grundlagen\n# i) Erstelle zwei Variablen x und y und belege x mit dem Wert 5\n# und y mit dem Wert aus (1+2)*x\n# ii) Erstelle einen Vektor q mit den Zahlen von 1 - 10 mit Schrittweite 0.1\n# iii) Erstelle einen Vektor w der aus 91 F?nfen besteht\n# iv) Erstelle den Vektor e als Quotient von q und w\n#hint.for(\"a)\")\n\nx = 5\ny  = 3*x\n\nq = seq(1,10,by = 0.1)",
"warnings": [] 
}
{
 "ps.name": "intro",
"ex.name": "a)",
"date": "2013-10-22 10:29:56",
"stud.seed": 1382430596,
"code.changed": true,
"failure.short": "No failure message recorded",
"checks":      4,
"attempts":      4,
"solved": false,
"was.solved": false,
"stud.code": "###########################################\n\n# Grundlagen\n# i) Erstelle zwei Variablen x und y und belege x mit dem Wert 5\n# und y mit dem Wert aus (1+2)*x\n# ii) Erstelle einen Vektor q mit den Zahlen von 1 - 10 mit Schrittweite 0.1\n# iii) Erstelle einen Vektor w der aus 91 F?nfen besteht\n# iv) Erstelle den Vektor e als Quotient von q und w\n#hint.for(\"a)\")\n\nx = 5\ny  = 2*x\n\nq = seq(1,10,by = 0.1)",
"warnings": [] 
}
{
 "ps.name": "intro",
"ex.name": "a)",
"date": "2013-10-22 10:30:41",
"stud.seed": 1382430641,
"code.changed": false,
"failure.short": "wrong values of y",
"checks":      4,
"attempts":      4,
"solved": false,
"was.solved": false,
"stud.code": "###########################################\n\n# Grundlagen\n# i) Erstelle zwei Variablen x und y und belege x mit dem Wert 5\n# und y mit dem Wert aus (1+2)*x\n# ii) Erstelle einen Vektor q mit den Zahlen von 1 - 10 mit Schrittweite 0.1\n# iii) Erstelle einen Vektor w der aus 91 F?nfen besteht\n# iv) Erstelle den Vektor e als Quotient von q und w\n#hint.for(\"a)\")\n\nx = 5\ny  = 2*x\n\nq = seq(1,10,by = 0.1)",
"warnings": [] 
}
{
 "ps.name": "intro",
"ex.name": "a)",
"date": "2013-10-22 10:30:47",
"stud.seed": 1382430647,
"code.changed": true,
"failure.short": "wrong values of x",
"checks":      5,
"attempts":      5,
"solved": false,
"was.solved": false,
"stud.code": "###########################################\n\n# Grundlagen\n# i) Erstelle zwei Variablen x und y und belege x mit dem Wert 5\n# und y mit dem Wert aus (1+2)*x\n# ii) Erstelle einen Vektor q mit den Zahlen von 1 - 10 mit Schrittweite 0.1\n# iii) Erstelle einen Vektor w der aus 91 F?nfen besteht\n# iv) Erstelle den Vektor e als Quotient von q und w\n#hint.for(\"a)\")\n\nx = 2\ny  = 2*x\n\nq = seq(1,10,by = 0.1)",
"warnings": [] 
}
{
 "ps.name": "intro",
"ex.name": "a)",
"date": "2013-10-22 10:30:55",
"stud.seed": 1382430655,
"code.changed": true,
"failure.short": "wrong values of x",
"checks":      1,
"attempts":      1,
"solved": false,
"was.solved": false,
"stud.code": "###########################################\n\n# Grundlagen\n# i) Erstelle zwei Variablen x und y und belege x mit dem Wert 5\n# und y mit dem Wert aus (1+2)*x\n# ii) Erstelle einen Vektor q mit den Zahlen von 1 - 10 mit Schrittweite 0.1\n# iii) Erstelle einen Vektor w der aus 91 F?nfen besteht\n# iv) Erstelle den Vektor e als Quotient von q und w\n#hint.for(\"a)\")\n\nx = 2\ny  = 2*x\n\nq = seq(1,10,by = 0.1)",
"warnings": [] 
}
{
 "ps.name": "intro",
"ex.name": "a)",
"date": "2013-10-22 10:30:58",
"stud.seed": 1382430658,
"code.changed": true,
"failure.short": "wrong values of y",
"checks":      2,
"attempts":      2,
"solved": false,
"was.solved": false,
"stud.code": "###########################################\n\n# Grundlagen\n# i) Erstelle zwei Variablen x und y und belege x mit dem Wert 5\n# und y mit dem Wert aus (1+2)*x\n# ii) Erstelle einen Vektor q mit den Zahlen von 1 - 10 mit Schrittweite 0.1\n# iii) Erstelle einen Vektor w der aus 91 F?nfen besteht\n# iv) Erstelle den Vektor e als Quotient von q und w\n#hint.for(\"a)\")\n\nx = 5\ny  = 2*x\n\nq = seq(1,10,by = 0.1)",
"warnings": [] 
}
{
 "ps.name": "intro",
"ex.name": "a)",
"date": "2013-10-22 10:31:05",
"stud.seed": 1382430665,
"code.changed": true,
"failure.short": "w does not exist",
"checks":      3,
"attempts":      3,
"solved": false,
"was.solved": false,
"stud.code": "###########################################\n\n# Grundlagen\n# i) Erstelle zwei Variablen x und y und belege x mit dem Wert 5\n# und y mit dem Wert aus (1+2)*x\n# ii) Erstelle einen Vektor q mit den Zahlen von 1 - 10 mit Schrittweite 0.1\n# iii) Erstelle einen Vektor w der aus 91 F?nfen besteht\n# iv) Erstelle den Vektor e als Quotient von q und w\n#hint.for(\"a)\")\n\nx = 5\ny  = 3*x\n\nq = seq(1,10,by = 0.1)",
"warnings": [] 
}
{
 "ps.name": "intro",
"ex.name": "b)",
"date": "2013-10-22 10:31:24",
"stud.seed": 1382430684,
"code.changed": true,
"failure.short": "evaluation error in \n  z\n  object 'z' not found",
"checks":      1,
"attempts":      1,
"solved": false,
"was.solved": false,
"stud.code": "###########################################\n\n# i) Erstelle einen Vektor z mit den f?nf beliebigen Werten\n# ii) Multiplizere den Vektor mit x und speichere das Ergebnis \n#     in a\n# iii) Erstelle eine Matrix 2x5 m aus den Vektoren z und a\n# iv) F?hre die Matrixmultiplikation m.squ = m*m' durch\nz\n",
"warnings": [] 
}
{
 "ps.name": "intro",
"ex.name": "a)",
"date": "2013-10-22 10:31:45",
"stud.seed": 1382430705,
"code.changed": true,
"failure.short": "wrong length w: is 4 must 91",
"checks":      4,
"attempts":      4,
"solved": false,
"was.solved": false,
"stud.code": "###########################################\n\n# Grundlagen\n# i) Erstelle zwei Variablen x und y und belege x mit dem Wert 5\n# und y mit dem Wert aus (1+2)*x\n# ii) Erstelle einen Vektor q mit den Zahlen von 1 - 10 mit Schrittweite 0.1\n# iii) Erstelle einen Vektor w der aus 91 F?nfen besteht\n# iv) Erstelle den Vektor e als Quotient von q und w\n#hint.for(\"a)\")\n\nx = 5\ny  = 3*x\n\nq = seq(1,10,by = 0.1)\nw = rep(90,4)\n",
"warnings": [] 
}
{
 "ps.name": "intro",
"ex.name": "a)",
"date": "2013-10-22 10:31:52",
"stud.seed": 1382430712,
"code.changed": true,
"failure.short": "wrong values of w",
"checks":      5,
"attempts":      5,
"solved": false,
"was.solved": false,
"stud.code": "###########################################\n\n# Grundlagen\n# i) Erstelle zwei Variablen x und y und belege x mit dem Wert 5\n# und y mit dem Wert aus (1+2)*x\n# ii) Erstelle einen Vektor q mit den Zahlen von 1 - 10 mit Schrittweite 0.1\n# iii) Erstelle einen Vektor w der aus 91 F?nfen besteht\n# iv) Erstelle den Vektor e als Quotient von q und w\n#hint.for(\"a)\")\n\nx = 5\ny  = 3*x\n\nq = seq(1,10,by = 0.1)\nw = rep(4,91)\n",
"warnings": [] 
}
{
 "ps.name": "intro",
"ex.name": "a)",
"date": "2013-10-22 10:31:57",
"stud.seed": 1382430717,
"code.changed": true,
"failure.short": "e does not exist",
"checks":      6,
"attempts":      6,
"solved": false,
"was.solved": false,
"stud.code": "###########################################\n\n# Grundlagen\n# i) Erstelle zwei Variablen x und y und belege x mit dem Wert 5\n# und y mit dem Wert aus (1+2)*x\n# ii) Erstelle einen Vektor q mit den Zahlen von 1 - 10 mit Schrittweite 0.1\n# iii) Erstelle einen Vektor w der aus 91 F?nfen besteht\n# iv) Erstelle den Vektor e als Quotient von q und w\n#hint.for(\"a)\")\n\nx = 5\ny  = 3*x\n\nq = seq(1,10,by = 0.1)\nw = rep(5,91)\n",
"warnings": [] 
}
{
 "ps.name": "intro",
"ex.name": "a)",
"date": "2013-10-22 10:32:29",
"stud.seed": 1382430749,
"code.changed": true,
"failure.short": "No failure message recorded",
"checks":      7,
"attempts":      7,
"solved": true,
"was.solved": true,
"stud.code": "###########################################\n\n# Grundlagen\n# i) Erstelle zwei Variablen x und y und belege x mit dem Wert 5\n# und y mit dem Wert aus (1+2)*x\n# ii) Erstelle einen Vektor q mit den Zahlen von 1 - 10 mit Schrittweite 0.1\n# iii) Erstelle einen Vektor w der aus 91 F?nfen besteht\n# iv) Erstelle den Vektor e als Quotient von q und w\n#hint.for(\"a)\")\n\nx = 5\ny  = 3*x\n\nq = seq(1,10,by = 0.1)\nw = rep(5,91)\n\ne = q / w\n",
"warnings": [] 
}
{
 "ps.name": "intro",
"ex.name": "b)",
"date": "2013-10-22 10:33:34",
"stud.seed": 1382430814,
"code.changed": true,
"failure.short": "z does not exist",
"checks":      2,
"attempts":      2,
"solved": false,
"was.solved": false,
"stud.code": "###########################################\n\n# i) Erstelle einen Vektor z mit den f?nf beliebigen Werten\n# ii) Multiplizere den Vektor mit x und speichere das Ergebnis \n#     in a\n# iii) Erstelle eine Matrix 2x5 m aus den Vektoren z und a\n# iv) F?hre die Matrixmultiplikation m.squ = m*m' durch\n\n",
"warnings": [] 
}
{
 "ps.name": "intro",
"ex.name": "a)",
"date": "2013-10-22 10:41:34",
"stud.seed": 1382431294,
"code.changed": true,
"failure.short": "wrong length q: is 46 must 91",
"checks":      8,
"attempts":      7,
"solved": false,
"was.solved": true,
"stud.code": "###########################################\n\n# Grundlagen\n# i) Erstelle zwei Variablen x und y und belege x mit dem Wert 5\n# und y mit dem Wert aus (1+2)*x\n# ii) Erstelle einen Vektor q mit den Zahlen von 1 - 10 mit Schrittweite 0.1\n# iii) Erstelle einen Vektor w der aus 91 F?nfen besteht\n# iv) Erstelle den Vektor e als Quotient von q und w\n#hint.for(\"a)\")\n\nx = 5\ny  = 3*x\n\nq = seq(1,10,by = 0.2)\nw = rep(5,91)\n\ne = q / w\n",
"warnings": [] 
}
{
 "ps.name": "intro",
"ex.name": "a)",
"date": "2013-10-22 10:41:46",
"stud.seed": 1382431306,
"code.changed": true,
"failure.short": "No failure message recorded",
"checks":      9,
"attempts":      7,
"solved": true,
"was.solved": true,
"stud.code": "###########################################\n\n# Grundlagen\n# i) Erstelle zwei Variablen x und y und belege x mit dem Wert 5\n# und y mit dem Wert aus (1+2)*x\n# ii) Erstelle einen Vektor q mit den Zahlen von 1 - 10 mit Schrittweite 0.1\n# iii) Erstelle einen Vektor w der aus 91 F?nfen besteht\n# iv) Erstelle den Vektor e als Quotient von q und w\n#hint.for(\"a)\")\n\nx = 5\ny  = 3*x\n\nq = seq(1,10,by = 0.1)\nw = rep(5,91)\n\ne = q / w\n",
"warnings": [] 
}
{
 "ps.name": "intro",
"ex.name": "b)",
"date": "2013-10-22 10:42:13",
"stud.seed": 1382431333,
"code.changed": true,
"failure.short": "wrong length z: is 4 must 5",
"checks":      3,
"attempts":      3,
"solved": false,
"was.solved": false,
"stud.code": "###########################################\n\n# i) Erstelle einen Vektor z mit den f?nf beliebigen Werten\n# ii) Multiplizere den Vektor mit x und speichere das Ergebnis \n#     in a\n# iii) Erstelle eine Matrix 2x5 m aus den Vektoren z und a\n# iv) F?hre die Matrixmultiplikation m.squ = m*m' durch\n\nz = 1:4\n",
"warnings": [] 
}
{
 "ps.name": "intro",
"ex.name": "b)",
"date": "2013-10-22 10:42:18",
"stud.seed": 1382431338,
"code.changed": true,
"failure.short": "wrong class z: is integer must numeric",
"checks":      4,
"attempts":      4,
"solved": false,
"was.solved": false,
"stud.code": "###########################################\n\n# i) Erstelle einen Vektor z mit den f?nf beliebigen Werten\n# ii) Multiplizere den Vektor mit x und speichere das Ergebnis \n#     in a\n# iii) Erstelle eine Matrix 2x5 m aus den Vektoren z und a\n# iv) F?hre die Matrixmultiplikation m.squ = m*m' durch\n\nz = 1:5\n",
"warnings": [] 
}
{
 "ps.name": "intro",
"ex.name": "b)",
"date": "2013-10-22 10:42:31",
"stud.seed": 1382431351,
"code.changed": true,
"failure.short": "wrong class z: is integer must numeric",
"checks":      5,
"attempts":      5,
"solved": false,
"was.solved": false,
"stud.code": "###########################################\n\n# i) Erstelle einen Vektor z mit den f?nf beliebigen Werten\n# ii) Multiplizere den Vektor mit x und speichere das Ergebnis \n#     in a\n# iii) Erstelle eine Matrix 2x5 m aus den Vektoren z und a\n# iv) F?hre die Matrixmultiplikation m.squ = m*m' durch\n\nz = 1:5\na = x*z\n",
"warnings": [] 
}
{
 "ps.name": "intro",
"ex.name": "b)",
"date": "2013-10-22 10:44:57",
"stud.seed": 1382431497,
"code.changed": false,
"failure.short": "wrong class z: is numeric must numeric",
"checks":      5,
"attempts":      5,
"solved": false,
"was.solved": false,
"stud.code": "###########################################\n\n# i) Erstelle einen Vektor z mit den f?nf beliebigen Werten\n# ii) Multiplizere den Vektor mit x und speichere das Ergebnis \n#     in a\n# iii) Erstelle eine Matrix 2x5 m aus den Vektoren z und a\n# iv) F?hre die Matrixmultiplikation m.squ = m*m' durch\n\nz = 1:5\na = x*z\n",
"warnings": [] 
}
{
 "ps.name": "intro",
"ex.name": "b)",
"date": "2013-10-22 10:45:53",
"stud.seed": 1382431553,
"code.changed": false,
"failure.short": "m does not exist",
"checks":      5,
"attempts":      5,
"solved": false,
"was.solved": false,
"stud.code": "###########################################\n\n# i) Erstelle einen Vektor z mit den f?nf beliebigen Werten\n# ii) Multiplizere den Vektor mit x und speichere das Ergebnis \n#     in a\n# iii) Erstelle eine Matrix 2x5 m aus den Vektoren z und a\n# iv) F?hre die Matrixmultiplikation m.squ = m*m' durch\n\nz = 1:5\na = x*z\n",
"warnings": [] 
}
{
 "ps.name": "intro",
"ex.name": "b)",
"date": "2013-10-22 10:47:24",
"stud.seed": 1382431644,
"code.changed": true,
"failure.short": "m.squ does not exist",
"checks":      6,
"attempts":      6,
"solved": false,
"was.solved": false,
"stud.code": "###########################################\n\n# i) Erstelle einen Vektor z mit den f?nf beliebigen Werten\n# ii) Multiplizere den Vektor mit x und speichere das Ergebnis \n#     in a\n# iii) Erstelle eine Matrix 2x5 m aus den Vektoren z und a\n# iv) F?hre die Matrixmultiplikation m.squ = m*m' durch\n\nz = 1:5\na = x*z\nm = rbind(z,a)\n",
"warnings": [] 
}
{
 "ps.name": "intro",
"ex.name": "b)",
"date": "2013-10-22 10:47:47",
"stud.seed": 1382431667,
"code.changed": true,
"failure.short": "m.squ does not exist",
"checks":      7,
"attempts":      7,
"solved": false,
"was.solved": false,
"stud.code": "###########################################\n\n# i) Erstelle einen Vektor z mit den f?nf beliebigen Werten\n# ii) Multiplizere den Vektor mit x und speichere das Ergebnis \n#     in a\n# iii) Erstelle eine Matrix 2x5 m aus den Vektoren z und a\n# iv) F?hre die Matrixmultiplikation m.squ = m*m' durch\n\nz = 1:5\na = x*z\nm = rbind(z,a)\nm.sq = m %*% t(m)\n",
"warnings": [] 
}
{
 "ps.name": "intro",
"ex.name": "b)",
"date": "2013-10-22 10:47:53",
"stud.seed": 1382431673,
"code.changed": true,
"failure.short": "No failure message recorded",
"checks":      8,
"attempts":      8,
"solved": true,
"was.solved": true,
"stud.code": "###########################################\n\n# i) Erstelle einen Vektor z mit den f?nf beliebigen Werten\n# ii) Multiplizere den Vektor mit x und speichere das Ergebnis \n#     in a\n# iii) Erstelle eine Matrix 2x5 m aus den Vektoren z und a\n# iv) F?hre die Matrixmultiplikation m.squ = m*m' durch\n\nz = 1:5\na = x*z\nm = rbind(z,a)\nm.squ = m %*% t(m)\n",
"warnings": [] 
}
{
 "ps.name": "intro",
"ex.name": "b)",
"date": "2013-10-22 10:48:55",
"stud.seed": 1382431735,
"code.changed": false,
"failure.short": "No failure message recorded",
"checks":      8,
"attempts":      8,
"solved": true,
"was.solved": true,
"stud.code": "###########################################\n\n# i) Erstelle einen Vektor z mit den f?nf beliebigen Werten\n# ii) Multiplizere den Vektor mit x und speichere das Ergebnis \n#     in a\n# iii) Erstelle eine Matrix 2x5 m aus den Vektoren z und a\n# iv) F?hre die Matrixmultiplikation m.squ = m*m' durch\n\nz = 1:5\na = x*z\nm = rbind(z,a)\nm.squ = m %*% t(m)\n",
"warnings": [] 
}
{
 "ps.name": "intro",
"ex.name": "c)",
"date": "2013-10-22 11:48:31",
"stud.seed": 1382435311,
"code.changed": true,
"failure.short": "r does not exist",
"checks":      1,
"attempts":      1,
"solved": false,
"was.solved": false,
"stud.code": "###########################################\n\n#i) Erstelle eine 4x4 Matrix n und f?lle sie mit beliebigen Werten\n#ii) Erstelle einen Vektor index, dessen erster Eintrag die Summe\n# der ersten Zeile der Matrix n ist, der zweite Eintrag der Mittelwert\n# von Zeile 2, der dritte soll das Maximum von Zeile 3 enthalten\n# und der 4. die Varianz der 4. Zeile.\n# hint.for(\"c)\")\n#iii) Belege Variable r durch eine elementweise Multiplikation von m und index\n# iv) Sei t ein Vektor aus den quadrierten Werten der Diagonalen von r\n\nn = matrix(16,4,4)\n\n",
"warnings": [] 
}
{
 "ps.name": "intro",
"ex.name": "c)",
"date": "2013-10-22 11:50:06",
"stud.seed": 1382435406,
"code.changed": true,
"failure.short": "r does not exist",
"checks":      2,
"attempts":      2,
"solved": false,
"was.solved": false,
"stud.code": "###########################################\n\n#i) Erstelle eine 4x4 Matrix n und f?lle sie mit beliebigen Werten\n#ii) Erstelle einen Vektor index, dessen erster Eintrag die Summe\n# der ersten Zeile der Matrix n ist, der zweite Eintrag der Mittelwert\n# von Zeile 2, der dritte soll das Maximum von Zeile 3 enthalten\n# und der 4. die Varianz der 4. Zeile.\n# hint.for(\"c)\")\n#iii) Belege Variable r durch eine elementweise Multiplikation von m und index\n# iv) Sei t ein Vektor aus den quadrierten Werten der Diagonalen von r\n\nn = matrix(16,4,4)\nindex = c(sum(n[1,]), mean(n[2,]), max(n[3,]), var(n[4,]))\n",
"warnings": [] 
}
{
 "ps.name": "intro",
"ex.name": "c)",
"date": "2013-10-22 11:50:52",
"stud.seed": 1382435452,
"code.changed": true,
"failure.short": "evaluation error in \n  t = sqr(diag(r))\n  could not find function \"sqr\"",
"checks":      3,
"attempts":      3,
"solved": false,
"was.solved": false,
"stud.code": "###########################################\n\n#i) Erstelle eine 4x4 Matrix n und f?lle sie mit beliebigen Werten\n#ii) Erstelle einen Vektor index, dessen erster Eintrag die Summe\n# der ersten Zeile der Matrix n ist, der zweite Eintrag der Mittelwert\n# von Zeile 2, der dritte soll das Maximum von Zeile 3 enthalten\n# und der 4. die Varianz der 4. Zeile.\n#iii) Belege Variable r durch eine elementweise Multiplikation von m und index\n# iv) Sei t ein Vektor aus den quadrierten Werten der Diagonalen von r\n\nn = matrix(16,4,4)\nindex = c(sum(n[1,]), mean(n[2,]), max(n[3,]), var(n[4,]))\nr = n * index\nt = sqr(diag(r))\n",
"warnings": [] 
}
{
 "ps.name": "intro",
"ex.name": "c)",
"date": "2013-10-22 11:51:00",
"stud.seed": 1382435460,
"code.changed": true,
"failure.short": "No failure message recorded",
"checks":      4,
"attempts":      4,
"solved": true,
"was.solved": true,
"stud.code": "###########################################\n\n#i) Erstelle eine 4x4 Matrix n und f?lle sie mit beliebigen Werten\n#ii) Erstelle einen Vektor index, dessen erster Eintrag die Summe\n# der ersten Zeile der Matrix n ist, der zweite Eintrag der Mittelwert\n# von Zeile 2, der dritte soll das Maximum von Zeile 3 enthalten\n# und der 4. die Varianz der 4. Zeile.\n#iii) Belege Variable r durch eine elementweise Multiplikation von m und index\n# iv) Sei t ein Vektor aus den quadrierten Werten der Diagonalen von r\n\nn = matrix(16,4,4)\nindex = c(sum(n[1,]), mean(n[2,]), max(n[3,]), var(n[4,]))\nr = n * index\nt = diag(r)^2\n",
"warnings": [] 
}
{
 "ps.name": "intro",
"ex.name": "a)",
"date": "2013-10-23 05:56:42",
"stud.seed": 1382500602,
"code.changed": true,
"failure.short": "No failure message recorded",
"checks":      1,
"attempts":      1,
"solved": true,
"was.solved": true,
"stud.code": "###########################################\n\n# Grundlagen\n# i) Erstelle zwei Variablen x und y und belege x mit dem Wert 5\n# und y mit dem Wert aus (1+2)*x\n# ii) Erstelle einen Vektor q mit den Zahlen von 1 - 10 mit Schrittweite 0.1\n# iii) Erstelle einen Vektor w der aus 91 F?nfen besteht\n# iv) Erstelle den Vektor e als Quotient von q und w\n#hint.for(\"a)\")\n\nx = 5\ny  = 3*x\n\nq = seq(1,10,by = 0.1)\nw = rep(5,91)\n\ne = q / w\n",
"warnings": [] 
}
{
 "ps.name": "intro",
"ex.name": "b)",
"date": "2013-10-23 05:56:42",
"stud.seed": 1382500602,
"code.changed": true,
"failure.short": "evaluation error in \n  a = x\n  object 'x' not found",
"checks":      1,
"attempts":      1,
"solved": false,
"was.solved": false,
"stud.code": "###########################################\n\n# i) Erstelle einen Vektor z mit den f?nf beliebigen Werten\n# ii) Multiplizere den Vektor mit x und speichere das Ergebnis \n#     in a\n# iii) Erstelle eine Matrix 2x5 m aus den Vektoren z und a\n# iv) F?hre die Matrixmultiplikation m.squ = m*m' durch\n\nz = 1:5\na = x\nm = rbind(z,a)\nm.squ = m %*% t(m)\n",
"warnings": [] 
}
{
 "ps.name": "intro",
"ex.name": "a)",
"date": "2013-10-23 05:57:53",
"stud.seed": 1382500673,
"code.changed": true,
"failure.short": "No failure message recorded",
"checks":      1,
"attempts":      1,
"solved": true,
"was.solved": true,
"stud.code": "###########################################\n\n# Grundlagen\n# i) Erstelle zwei Variablen x und y und belege x mit dem Wert 5\n# und y mit dem Wert aus (1+2)*x\n# ii) Erstelle einen Vektor q mit den Zahlen von 1 - 10 mit Schrittweite 0.1\n# iii) Erstelle einen Vektor w der aus 91 F?nfen besteht\n# iv) Erstelle den Vektor e als Quotient von q und w\n#hint.for(\"a)\")\n\nx = 5\ny  = 3*x\n\nq = seq(1,10,by = 0.1)\nw = rep(5,91)\n\ne = q / w\n",
"warnings": [] 
}
{
 "ps.name": "intro",
"ex.name": "b)",
"date": "2013-10-23 05:57:53",
"stud.seed": 1382500673,
"code.changed": true,
"failure.short": "evaluation error in \n  a = x\n  object 'x' not found",
"checks":      1,
"attempts":      1,
"solved": false,
"was.solved": false,
"stud.code": "###########################################\n\n# i) Erstelle einen Vektor z mit den f?nf beliebigen Werten\n# ii) Multiplizere den Vektor mit x und speichere das Ergebnis \n#     in a\n# iii) Erstelle eine Matrix 2x5 m aus den Vektoren z und a\n# iv) F?hre die Matrixmultiplikation m.squ = m*m' durch\n\nz = 1:5\na = x\nm = rbind(z,a)\nm.squ = m %*% t(m)\n",
"warnings": [] 
}
{
 "ps.name": "intro",
"ex.name": "a)",
"date": "2013-10-23 05:58:02",
"stud.seed": 1382500682,
"code.changed": true,
"failure.short": "No failure message recorded",
"checks":      1,
"attempts":      1,
"solved": true,
"was.solved": true,
"stud.code": "###########################################\n\n# Grundlagen\n# i) Erstelle zwei Variablen x und y und belege x mit dem Wert 5\n# und y mit dem Wert aus (1+2)*x\n# ii) Erstelle einen Vektor q mit den Zahlen von 1 - 10 mit Schrittweite 0.1\n# iii) Erstelle einen Vektor w der aus 91 F?nfen besteht\n# iv) Erstelle den Vektor e als Quotient von q und w\n#hint.for(\"a)\")\n\nx = 5\ny  = 3*x\n\nq = seq(1,10,by = 0.1)\nw = rep(5,91)\n\ne = q / w\n",
"warnings": [] 
}
{
 "ps.name": "intro",
"ex.name": "b)",
"date": "2013-10-23 05:58:02",
"stud.seed": 1382500682,
"code.changed": true,
"failure.short": "evaluation error in \n  a = x\n  object 'x' not found",
"checks":      1,
"attempts":      1,
"solved": false,
"was.solved": false,
"stud.code": "###########################################\n\n# i) Erstelle einen Vektor z mit den f?nf beliebigen Werten\n# ii) Multiplizere den Vektor mit x und speichere das Ergebnis \n#     in a\n# iii) Erstelle eine Matrix 2x5 m aus den Vektoren z und a\n# iv) F?hre die Matrixmultiplikation m.squ = m*m' durch\n\nz = 1:5\na = x\nm = rbind(z,a)\nm.squ = m %*% t(m)\n",
"warnings": [] 
}
{
 "ps.name": "intro",
"ex.name": "a)",
"date": "2013-10-23 05:58:55",
"stud.seed": 1382500735,
"code.changed": true,
"failure.short": "No failure message recorded",
"checks":      1,
"attempts":      1,
"solved": true,
"was.solved": true,
"stud.code": "###########################################\n\n# Grundlagen\n# i) Erstelle zwei Variablen x und y und belege x mit dem Wert 5\n# und y mit dem Wert aus (1+2)*x\n# ii) Erstelle einen Vektor q mit den Zahlen von 1 - 10 mit Schrittweite 0.1\n# iii) Erstelle einen Vektor w der aus 91 F?nfen besteht\n# iv) Erstelle den Vektor e als Quotient von q und w\n#hint.for(\"a)\")\n\nx = 5\ny  = 3*x\n\nq = seq(1,10,by = 0.1)\nw = rep(5,91)\n\ne = q / w\n",
"warnings": [] 
}
{
 "ps.name": "intro",
"ex.name": "b)",
"date": "2013-10-23 05:58:55",
"stud.seed": 1382500735,
"code.changed": true,
"failure.short": "wrong length a: is 1 must 5",
"checks":      1,
"attempts":      1,
"solved": false,
"was.solved": false,
"stud.code": "###########################################\n\n# i) Erstelle einen Vektor z mit den f?nf beliebigen Werten\n# ii) Multiplizere den Vektor mit x und speichere das Ergebnis \n#     in a\n# iii) Erstelle eine Matrix 2x5 m aus den Vektoren z und a\n# iv) F?hre die Matrixmultiplikation m.squ = m*m' durch\n\nz = 1:5\na = x\nm = rbind(z,a)\nm.squ = m %*% t(m)\n",
"warnings": [] 
}
{
 "ps.name": "intro",
"ex.name": "a)",
"date": "2013-10-23 05:59:43",
"stud.seed": 1382500783,
"code.changed": true,
"failure.short": "No failure message recorded",
"checks":      1,
"attempts":      1,
"solved": true,
"was.solved": true,
"stud.code": "###########################################\n\n# Grundlagen\n# i) Erstelle zwei Variablen x und y und belege x mit dem Wert 5\n# und y mit dem Wert aus (1+2)*x\n# ii) Erstelle einen Vektor q mit den Zahlen von 1 - 10 mit Schrittweite 0.1\n# iii) Erstelle einen Vektor w der aus 91 F?nfen besteht\n# iv) Erstelle den Vektor e als Quotient von q und w\n#hint.for(\"a)\")\n\nx = 5\ny  = 3*x\n\nq = seq(1,10,by = 0.1)\nw = rep(5,91)\n\ne = q / w\n",
"warnings": [] 
}
{
 "ps.name": "intro",
"ex.name": "b)",
"date": "2013-10-23 05:59:43",
"stud.seed": 1382500783,
"code.changed": true,
"failure.short": "wrong values of a",
"checks":      1,
"attempts":      1,
"solved": false,
"was.solved": false,
"stud.code": "###########################################\n\n# i) Erstelle einen Vektor z mit den f?nf beliebigen Werten\n# ii) Multiplizere den Vektor mit x und speichere das Ergebnis \n#     in a\n# iii) Erstelle eine Matrix 2x5 m aus den Vektoren z und a\n# iv) F?hre die Matrixmultiplikation m.squ = m*m' durch\n\nz = 1:5\na = runif(1:5)\nm = rbind(z,a)\nm.squ = m %*% t(m)\n",
"warnings": [] 
}
{
 "ps.name": "intro",
"ex.name": "a)",
"date": "2013-10-23 05:59:55",
"stud.seed": 1382500795,
"code.changed": true,
"failure.short": "No failure message recorded",
"checks":      1,
"attempts":      1,
"solved": true,
"was.solved": true,
"stud.code": "###########################################\n\n# Grundlagen\n# i) Erstelle zwei Variablen x und y und belege x mit dem Wert 5\n# und y mit dem Wert aus (1+2)*x\n# ii) Erstelle einen Vektor q mit den Zahlen von 1 - 10 mit Schrittweite 0.1\n# iii) Erstelle einen Vektor w der aus 91 F?nfen besteht\n# iv) Erstelle den Vektor e als Quotient von q und w\n#hint.for(\"a)\")\n\nx = 5\ny  = 3*x\n\nq = seq(1,10,by = 0.1)\nw = rep(5,91)\n\ne = q / w\n",
"warnings": [] 
}
{
 "ps.name": "intro",
"ex.name": "b)",
"date": "2013-10-23 05:59:55",
"stud.seed": 1382500795,
"code.changed": true,
"failure.short": "No failure message recorded",
"checks":      1,
"attempts":      1,
"solved": true,
"was.solved": true,
"stud.code": "###########################################\n\n# i) Erstelle einen Vektor z mit den f?nf beliebigen Werten\n# ii) Multiplizere den Vektor mit x und speichere das Ergebnis \n#     in a\n# iii) Erstelle eine Matrix 2x5 m aus den Vektoren z und a\n# iv) F?hre die Matrixmultiplikation m.squ = m*m' durch\n\nz = 1:5\na = z^2\nm = rbind(z,a)\nm.squ = m %*% t(m)\n",
"warnings": [] 
}
{
 "ps.name": "intro",
"ex.name": "c)",
"date": "2013-10-23 05:59:55",
"stud.seed": 1382500795,
"code.changed": true,
"failure.short": "No failure message recorded",
"checks":      1,
"attempts":      1,
"solved": true,
"was.solved": true,
"stud.code": "###########################################\n\n#i) Erstelle eine 4x4 Matrix n und f?lle sie mit beliebigen Werten\n#ii) Erstelle einen Vektor index, dessen erster Eintrag die Summe\n# der ersten Zeile der Matrix n ist, der zweite Eintrag der Mittelwert\n# von Zeile 2, der dritte soll das Maximum von Zeile 3 enthalten\n# und der 4. die Varianz der 4. Zeile.\n#iii) Belege Variable r durch eine elementweise Multiplikation von m und index\n# iv) Sei t ein Vektor aus den quadrierten Werten der Diagonalen von r\n\nn = matrix(16,4,4)\nindex = c(sum(n[1,]), mean(n[2,]), max(n[3,]), var(n[4,]))\nr = n * index\nt = diag(r)^2\n",
"warnings": [] 
}
{
 "ps.name": "intro",
"ex.name": "a)",
"date": "2013-10-23 06:24:31",
"stud.seed": 1382502271,
"code.changed": true,
"failure.short": "No failure message recorded",
"checks":      1,
"attempts":      1,
"solved": true,
"was.solved": true,
"stud.code": "###########################################\n\n# Grundlagen\n# i) Erstelle zwei Variablen x und y und belege x mit dem Wert 5\n# und y mit dem Wert aus (1+2)*x\n# ii) Erstelle einen Vektor q mit den Zahlen von 1 - 10 mit Schrittweite 0.1\n# iii) Erstelle einen Vektor w der aus 91 F?nfen besteht\n# iv) Erstelle den Vektor e als Quotient von q und w\n#hint.for(\"a)\")\n\nx = 5\ny  = 3*x\n\nq = seq(1,10,by = 0.1)\nw = rep(5,91)\n\ne = q / w\n",
"warnings": [] 
}
{
 "ps.name": "intro",
"ex.name": "b)",
"date": "2013-10-23 06:24:31",
"stud.seed": 1382502271,
"code.changed": true,
"failure.short": "wrong values of a",
"checks":      1,
"attempts":      1,
"solved": false,
"was.solved": false,
"stud.code": "###########################################\n\n# i) Erstelle einen Vektor z mit den f?nf beliebigen Werten\n# ii) Multiplizere den Vektor mit x und speichere das Ergebnis \n#     in a\n# iii) Erstelle eine Matrix 2x5 m aus den Vektoren z und a\n# iv) F?hre die Matrixmultiplikation m.squ = m*m' durch\n\nz = 1:5\na = z^2\nm = rbind(z,a)\nm.squ = m %*% t(m)\n",
"warnings": [] 
}
{
 "ps.name": "intro",
"ex.name": "a)",
"date": "2013-10-23 06:24:43",
"stud.seed": 1382502283,
"code.changed": true,
"failure.short": "No failure message recorded",
"checks":      1,
"attempts":      1,
"solved": true,
"was.solved": true,
"stud.code": "###########################################\n\n# Grundlagen\n# i) Erstelle zwei Variablen x und y und belege x mit dem Wert 5\n# und y mit dem Wert aus (1+2)*x\n# ii) Erstelle einen Vektor q mit den Zahlen von 1 - 10 mit Schrittweite 0.1\n# iii) Erstelle einen Vektor w der aus 91 F?nfen besteht\n# iv) Erstelle den Vektor e als Quotient von q und w\n#hint.for(\"a)\")\n\nx = 5\ny  = 3*x\n\nq = seq(1,10,by = 0.1)\nw = rep(5,91)\n\ne = q / w\n",
"warnings": [] 
}
{
 "ps.name": "intro",
"ex.name": "b)",
"date": "2013-10-23 06:24:43",
"stud.seed": 1382502283,
"code.changed": true,
"failure.short": "No failure message recorded",
"checks":      1,
"attempts":      1,
"solved": true,
"was.solved": true,
"stud.code": "###########################################\n\n# i) Erstelle einen Vektor z mit den f?nf beliebigen Werten\n# ii) Multiplizere den Vektor mit x und speichere das Ergebnis \n#     in a\n# iii) Erstelle eine Matrix 2x5 m aus den Vektoren z und a\n# iv) F?hre die Matrixmultiplikation m.squ = m*m' durch\n\nz = 1:5\na = z*x\nm = rbind(z,a)\nm.squ = m %*% t(m)\n",
"warnings": [] 
}
{
 "ps.name": "intro",
"ex.name": "c)",
"date": "2013-10-23 06:24:43",
"stud.seed": 1382502283,
"code.changed": true,
"failure.short": "No failure message recorded",
"checks":      1,
"attempts":      1,
"solved": true,
"was.solved": true,
"stud.code": "###########################################\n\n#i) Erstelle eine 4x4 Matrix n und f?lle sie mit beliebigen Werten\n#ii) Erstelle einen Vektor index, dessen erster Eintrag die Summe\n# der ersten Zeile der Matrix n ist, der zweite Eintrag der Mittelwert\n# von Zeile 2, der dritte soll das Maximum von Zeile 3 enthalten\n# und der 4. die Varianz der 4. Zeile.\n#iii) Belege Variable r durch eine elementweise Multiplikation von m und index\n# iv) Sei t ein Vektor aus den quadrierten Werten der Diagonalen von r\n\nn = matrix(16,4,4)\nindex = c(sum(n[1,]), mean(n[2,]), max(n[3,]), var(n[4,]))\nr = n * index\nt = diag(r)^2\n",
"warnings": [] 
}
{
 "ps.name": "intro",
"ex.name": "a)",
"date": "2013-10-23 06:25:00",
"stud.seed": 1382502300,
"code.changed": true,
"failure.short": "No failure message recorded",
"checks":      1,
"attempts":      1,
"solved": true,
"was.solved": true,
"stud.code": "###########################################\n\n# Grundlagen\n# i) Erstelle zwei Variablen x und y und belege x mit dem Wert 5\n# und y mit dem Wert aus (1+2)*x\n# ii) Erstelle einen Vektor q mit den Zahlen von 1 - 10 mit Schrittweite 0.1\n# iii) Erstelle einen Vektor w der aus 91 F?nfen besteht\n# iv) Erstelle den Vektor e als Quotient von q und w\n#hint.for(\"a)\")\n\nx = 5\ny  = 3*x\n\nq = seq(1,10,by = 0.1)\nw = rep(5,91)\n\ne = q / w\n",
"warnings": [] 
}
{
 "ps.name": "intro",
"ex.name": "b)",
"date": "2013-10-23 06:25:00",
"stud.seed": 1382502300,
"code.changed": true,
"failure.short": "No failure message recorded",
"checks":      1,
"attempts":      1,
"solved": true,
"was.solved": true,
"stud.code": "###########################################\n\n# i) Erstelle einen Vektor z mit den f?nf beliebigen Werten\n# ii) Multiplizere den Vektor mit x und speichere das Ergebnis \n#     in a\n# iii) Erstelle eine Matrix 2x5 m aus den Vektoren z und a\n# iv) F?hre die Matrixmultiplikation m.squ = m*m' durch\n\nz = 1:5\na = z*x\nm = rbind(z,a)\nm.squ = m %*% t(m)\n",
"warnings": [] 
}
{
 "ps.name": "intro",
"ex.name": "c)",
"date": "2013-10-23 06:25:01",
"stud.seed": 1382502301,
"code.changed": true,
"failure.short": "wrong values of index",
"checks":      1,
"attempts":      1,
"solved": false,
"was.solved": false,
"stud.code": "###########################################\n\n#i) Erstelle eine 4x4 Matrix n und f?lle sie mit beliebigen Werten\n#ii) Erstelle einen Vektor index, dessen erster Eintrag die Summe\n# der ersten Zeile der Matrix n ist, der zweite Eintrag der Mittelwert\n# von Zeile 2, der dritte soll das Maximum von Zeile 3 enthalten\n# und der 4. die Varianz der 4. Zeile.\n#iii) Belege Variable r durch eine elementweise Multiplikation von m und index\n# iv) Sei t ein Vektor aus den quadrierten Werten der Diagonalen von r\n\nn = matrix(16,4,4)\nindex = c(mean(n[1,]), mean(n[2,]), max(n[3,]), var(n[4,]))\nr = n * index\nt = diag(r)^2\n",
"warnings": [] 
}
{
 "ps.name": "intro",
"ex.name": "a)",
"date": "2013-10-23 06:25:40",
"stud.seed": 1382502340,
"code.changed": true,
"failure.short": "wrong values of e",
"checks":      1,
"attempts":      1,
"solved": false,
"was.solved": false,
"stud.code": "###########################################\n\n# Grundlagen\n# i) Erstelle zwei Variablen x und y und belege x mit dem Wert 5\n# und y mit dem Wert aus (1+2)*x\n# ii) Erstelle einen Vektor q mit den Zahlen von 1 - 10 mit Schrittweite 0.1\n# iii) Erstelle einen Vektor w der aus 91 F?nfen besteht\n# iv) Erstelle den Vektor e als Quotient von q und w\n#hint.for(\"a)\")\n\nx = 5\ny  = 3*x\n\nq = seq(1,10,by = 0.1)\nw = rep(5,91)\n\ne = q / w *2\n",
"warnings": [] 
}
{
 "ps.name": "intro",
"ex.name": "a)",
"date": "2013-10-23 06:25:54",
"stud.seed": 1382502354,
"code.changed": true,
"failure.short": "No failure message recorded",
"checks":      1,
"attempts":      1,
"solved": true,
"was.solved": true,
"stud.code": "###########################################\n\n# Grundlagen\n# i) Erstelle zwei Variablen x und y und belege x mit dem Wert 5\n# und y mit dem Wert aus (1+2)*x\n# ii) Erstelle einen Vektor q mit den Zahlen von 1 - 10 mit Schrittweite 0.1\n# iii) Erstelle einen Vektor w der aus 91 F?nfen besteht\n# iv) Erstelle den Vektor e als Quotient von q und w\n#hint.for(\"a)\")\n\nx = 5\ny  = 3*x\n\nq = seq(1,10,by = 0.1)\nw = rep(5,91)\n\ne = q / w \n",
"warnings": [] 
}
{
 "ps.name": "intro",
"ex.name": "b)",
"date": "2013-10-23 06:25:54",
"stud.seed": 1382502354,
"code.changed": true,
"failure.short": "No failure message recorded",
"checks":      1,
"attempts":      1,
"solved": true,
"was.solved": true,
"stud.code": "###########################################\n\n# i) Erstelle einen Vektor z mit den f?nf beliebigen Werten\n# ii) Multiplizere den Vektor mit x und speichere das Ergebnis \n#     in a\n# iii) Erstelle eine Matrix 2x5 m aus den Vektoren z und a\n# iv) F?hre die Matrixmultiplikation m.squ = m*m' durch\n\nz = 1:5\na = z*x\nm = rbind(z,a)\nm.squ = m %*% t(m)\n",
"warnings": [] 
}
{
 "ps.name": "intro",
"ex.name": "c)",
"date": "2013-10-23 06:25:54",
"stud.seed": 1382502354,
"code.changed": true,
"failure.short": "wrong values of index",
"checks":      1,
"attempts":      1,
"solved": false,
"was.solved": false,
"stud.code": "###########################################\n\n#i) Erstelle eine 4x4 Matrix n und f?lle sie mit beliebigen Werten\n#ii) Erstelle einen Vektor index, dessen erster Eintrag die Summe\n# der ersten Zeile der Matrix n ist, der zweite Eintrag der Mittelwert\n# von Zeile 2, der dritte soll das Maximum von Zeile 3 enthalten\n# und der 4. die Varianz der 4. Zeile.\n#iii) Belege Variable r durch eine elementweise Multiplikation von m und index\n# iv) Sei t ein Vektor aus den quadrierten Werten der Diagonalen von r\n\nn = matrix(16,4,4)\nindex = c(mean(n[1,]), mean(n[2,]), max(n[3,]), var(n[4,]))\nr = n * index\nt = diag(r)^2\n",
"warnings": [] 
}
{
 "ps.name": "intro",
"ex.name": "a)",
"date": "2013-10-23 06:32:13",
"stud.seed": 1382502733,
"code.changed": true,
"failure.short": "No failure message recorded",
"checks":      1,
"attempts":      1,
"solved": true,
"was.solved": true,
"stud.code": "###########################################\n\n# Grundlagen\n# i) Erstelle zwei Variablen x und y und belege x mit dem Wert 5\n# und y mit dem Wert aus (1+2)*x\n# ii) Erstelle einen Vektor q mit den Zahlen von 1 - 10 mit Schrittweite 0.1\n# iii) Erstelle einen Vektor w der aus 91 F?nfen besteht\n# iv) Erstelle den Vektor e als Quotient von q und w\n#hint.for(\"a)\")\n\nx = 5\ny  = 3*x\n\nq = seq(1,10,by = 0.1)\nw = rep(5,91)\n\ne = q / w \n",
"warnings": [] 
}
{
 "ps.name": "intro",
"ex.name": "b)",
"date": "2013-10-23 06:32:14",
"stud.seed": 1382502734,
"code.changed": true,
"failure.short": "No failure message recorded",
"checks":      1,
"attempts":      1,
"solved": true,
"was.solved": true,
"stud.code": "###########################################\n\n# i) Erstelle einen Vektor z mit den f?nf beliebigen Werten\n# ii) Multiplizere den Vektor mit x und speichere das Ergebnis \n#     in a\n# iii) Erstelle eine Matrix 2x5 m aus den Vektoren z und a\n# iv) F?hre die Matrixmultiplikation m.squ = m*m' durch\n\nz = 1:5\na = z*x\nm = rbind(z,a)\nm.squ = m %*% t(m)\n",
"warnings": [] 
}
{
 "ps.name": "intro",
"ex.name": "c)",
"date": "2013-10-23 06:32:14",
"stud.seed": 1382502734,
"code.changed": true,
"failure.short": "wrong values of index",
"checks":      1,
"attempts":      1,
"solved": false,
"was.solved": false,
"stud.code": "###########################################\n\n#i) Erstelle eine 4x4 Matrix n und f?lle sie mit beliebigen Werten\n#ii) Erstelle einen Vektor index, dessen erster Eintrag die Summe\n# der ersten Zeile der Matrix n ist, der zweite Eintrag der Mittelwert\n# von Zeile 2, der dritte soll das Maximum von Zeile 3 enthalten\n# und der 4. die Varianz der 4. Zeile.\n#iii) Belege Variable r durch eine elementweise Multiplikation von m und index\n# iv) Sei t ein Vektor aus den quadrierten Werten der Diagonalen von r\n\nn = matrix(16,4,4)\nindex = c(mean(n[1,]), mean(n[2,]), max(n[3,]), var(n[4,]))\nr = n * index\nt = diag(r)^2\n",
"warnings": [] 
}
{
 "ps.name": "intro",
"ex.name": "a)",
"date": "2013-10-23 06:41:57",
"stud.seed": 1382503317,
"code.changed": true,
"failure.short": "wrong length q: is 46 must 91",
"checks":      1,
"attempts":      1,
"solved": false,
"was.solved": false,
"stud.code": "###########################################\n\n# Grundlagen\n# i) Erstelle zwei Variablen x und y und belege x mit dem Wert 5\n# und y mit dem Wert aus (1+2)*x\n# ii) Erstelle einen Vektor q mit den Zahlen von 1 - 10 mit Schrittweite 0.1\n# iii) Erstelle einen Vektor w der aus 91 F?nfen besteht\n# iv) Erstelle den Vektor e als Quotient von q und w\n#hint.for(\"a)\")\n\nx = 5\ny  = 3*x\n\nq = seq(1,10,by = 0.2)\nw = rep(5,91)\n\ne = q / w \n",
"warnings": [] 
}
{
 "ps.name": "intro",
"ex.name": "b)",
"date": "2013-10-23 06:50:33",
"stud.seed": 1382503833,
"code.changed": true,
"failure.short": "No failure message recorded",
"checks":      1,
"attempts":      1,
"solved": true,
"was.solved": true,
"stud.code": "###########################################\n\n# i) Erstelle einen Vektor z mit den f?nf beliebigen Werten\n# ii) Multiplizere den Vektor mit x und speichere das Ergebnis \n#     in a\n# iii) Erstelle eine Matrix 2x5 m aus den Vektoren z und a\n# iv) F?hre die Matrixmultiplikation m.squ = m*m' durch\n\nz = 1:5\na = z*x\nm = rbind(z,a)\nm.squ = m %*% t(m)\n",
"warnings": [] 
}
{
 "ps.name": "intro",
"ex.name": "c)",
"date": "2013-10-23 06:50:33",
"stud.seed": 1382503833,
"code.changed": true,
"failure.short": "wrong values of index",
"checks":      1,
"attempts":      1,
"solved": false,
"was.solved": false,
"stud.code": "###########################################\n\n#i) Erstelle eine 4x4 Matrix n und f?lle sie mit beliebigen Werten\n#ii) Erstelle einen Vektor index, dessen erster Eintrag die Summe\n# der ersten Zeile der Matrix n ist, der zweite Eintrag der Mittelwert\n# von Zeile 2, der dritte soll das Maximum von Zeile 3 enthalten\n# und der 4. die Varianz der 4. Zeile.\n#iii) Belege Variable r durch eine elementweise Multiplikation von m und index\n# iv) Sei t ein Vektor aus den quadrierten Werten der Diagonalen von r\n\nn = matrix(16,4,4)\nindex = c(mean(n[1,]), mean(n[2,]), max(n[3,]), var(n[4,]))\nr = n * index\nt = diag(r)^2\n",
"warnings": [] 
}
